Build started 14/04/2016 10:45:39.
     1>Project "C:\Users\Sebastian\Documents\3d-prog\Directx11 project\Hamp_Axel_Seb_projd3dx11\Hamp_Axel_Seb_projd3dx11\Hamp_Axel_Seb_projd3dx11.vcxproj" on node 2 (Build target(s)).
     1>FxCompile:
         C:\Program Files (x86)\Windows Kits\8.1\bin\x86\fxc.exe /nologo /E"main" /T ps_4_0 /Fo "C:\Users\Sebastian\Documents\3d-prog\Directx11 project\Hamp_Axel_Seb_projd3dx11\x64\Debug\DeferredPixel.cso" /Od /Zi DeferredPixel.hlsl 
     1>C:\Users\Sebastian\Documents\3d-prog\Directx11 project\Hamp_Axel_Seb_projd3dx11\Hamp_Axel_Seb_projd3dx11\DeferredPixel.hlsl(30,19-55): warning X3576: semantics in type overridden by variable/function or enclosing type
     1>C:\Users\Sebastian\Documents\3d-prog\Directx11 project\Hamp_Axel_Seb_projd3dx11\Hamp_Axel_Seb_projd3dx11\DeferredPixel.hlsl(30,19-55): warning X3578: Output value 'main' is not completely initialized
         
         compilation object save succeeded; see C:\Users\Sebastian\Documents\3d-prog\Directx11 project\Hamp_Axel_Seb_projd3dx11\x64\Debug\DeferredPixel.cso
         C:\Program Files (x86)\Windows Kits\8.1\bin\x86\fxc.exe /nologo /E"main" /T gs_4_0 /Fo "C:\Users\Sebastian\Documents\3d-prog\Directx11 project\Hamp_Axel_Seb_projd3dx11\x64\Debug\GeometryShader.cso" /Od /Zi GeometryShader.hlsl 
     1>C:\Users\Sebastian\Documents\3d-prog\Directx11 project\Hamp_Axel_Seb_projd3dx11\Hamp_Axel_Seb_projd3dx11\GeometryShader.hlsl(26,25-87): warning X3206: 'cross': implicit truncation of vector type
     1>C:\Users\Sebastian\Documents\3d-prog\Directx11 project\Hamp_Axel_Seb_projd3dx11\Hamp_Axel_Seb_projd3dx11\GeometryShader.hlsl(26,25-87): warning X3206: 'cross': implicit truncation of vector type
     1>C:\Users\Sebastian\Documents\3d-prog\Directx11 project\Hamp_Axel_Seb_projd3dx11\Hamp_Axel_Seb_projd3dx11\GeometryShader.hlsl(48,12): warning X3078: 'i': loop control variable conflicts with a previous declaration in the outer scope; most recent declaration will be used
     1>FXC : warning X4715: emitting a system-interpreted value which may not be written in every execution path of the shader
     1>FXC : warning X4715: emitting a system-interpreted value which may not be written in every execution path of the shader
     1>FXC : warning X4715: emitting a system-interpreted value which may not be written in every execution path of the shader
     1>FXC : warning X4715: emitting a system-interpreted value which may not be written in every execution path of the shader
     1>FXC : warning X4715: emitting a system-interpreted value which may not be written in every execution path of the shader
     1>FXC : warning X4715: emitting a system-interpreted value which may not be written in every execution path of the shader
     1>FXC : warning X4715: emitting a system-interpreted value which may not be written in every execution path of the shader
     1>FXC : warning X4715: emitting a system-interpreted value which may not be written in every execution path of the shader
         
         compilation object save succeeded; see C:\Users\Sebastian\Documents\3d-prog\Directx11 project\Hamp_Axel_Seb_projd3dx11\x64\Debug\GeometryShader.cso
         C:\Program Files (x86)\Windows Kits\8.1\bin\x86\fxc.exe /nologo /E"main" /T ps_4_0 /Fo "C:\Users\Sebastian\Documents\3d-prog\Directx11 project\Hamp_Axel_Seb_projd3dx11\x64\Debug\PixelShader.cso" /Od /Zi PixelShader.hlsl 
         compilation object save succeeded; see C:\Users\Sebastian\Documents\3d-prog\Directx11 project\Hamp_Axel_Seb_projd3dx11\x64\Debug\PixelShader.cso
         C:\Program Files (x86)\Windows Kits\8.1\bin\x86\fxc.exe /nologo /E"ShadowPixelShader" /T ps_4_0 /Fo "C:\Users\Sebastian\Documents\3d-prog\Directx11 project\Hamp_Axel_Seb_projd3dx11\x64\Debug\shadowPS.cso" /Od /Zi shadowPS.hlsl 
         compilation object save succeeded; see C:\Users\Sebastian\Documents\3d-prog\Directx11 project\Hamp_Axel_Seb_projd3dx11\x64\Debug\shadowPS.cso
         C:\Program Files (x86)\Windows Kits\8.1\bin\x86\fxc.exe /nologo /E"ShadowVertexShader" /T vs_4_0 /Fo "C:\Users\Sebastian\Documents\3d-prog\Directx11 project\Hamp_Axel_Seb_projd3dx11\x64\Debug\shadowVS.cso" /Od /Zi shadowVS.hlsl 
         compilation object save succeeded; see C:\Users\Sebastian\Documents\3d-prog\Directx11 project\Hamp_Axel_Seb_projd3dx11\x64\Debug\shadowVS.cso
         C:\Program Files (x86)\Windows Kits\8.1\bin\x86\fxc.exe /nologo /E"VS_main" /T vs_4_0 /Fo "C:\Users\Sebastian\Documents\3d-prog\Directx11 project\Hamp_Axel_Seb_projd3dx11\x64\Debug\DeferredVertex.cso" /Od /Zi DeferredVertex.hlsl 
         compilation object save succeeded; see C:\Users\Sebastian\Documents\3d-prog\Directx11 project\Hamp_Axel_Seb_projd3dx11\x64\Debug\DeferredVertex.cso
         C:\Program Files (x86)\Windows Kits\8.1\bin\x86\fxc.exe /nologo /E"main" /T vs_4_0 /Fo "C:\Users\Sebastian\Documents\3d-prog\Directx11 project\Hamp_Axel_Seb_projd3dx11\x64\Debug\Vertex.cso" /Od /Zi Vertex.hlsl 
         compilation object save succeeded; see C:\Users\Sebastian\Documents\3d-prog\Directx11 project\Hamp_Axel_Seb_projd3dx11\x64\Debug\Vertex.cso
       ClCompile:
         C:\Program Files (x86)\Microsoft Visual Studio 14.0\VC\bin\x86_amd64\CL.exe /c /I"C:\Users\Sebastian\Documents\3d-prog\Directx11 project\Hamp_Axel_Seb_projd3dx11\packages\directxtk_uwp.2016.2.23.1\build\native\../../build/native/include/" /ZI /nologo /W3 /WX- /Od /D HAS_DIRECTXTK /D _DEBUG /D _CONSOLE /D _UNICODE /D UNICODE /Gm /EHsc /RTC1 /MDd /GS /fp:precise /Zc:wchar_t /Zc:forScope /Zc:inline /Fo"x64\Debug\\" /Fd"x64\Debug\vc140.pdb" /Gd /TP /errorReport:prompt Camera.cpp Hamp_Axel_Seb_projd3dx11.cpp LightHandler.cpp Material.cpp Object.cpp Parser.cpp QuadTree.cpp shadowMap.cpp ShadowShaderClass.cpp
         ShadowShaderClass.cpp
     1>c:\users\sebastian\documents\3d-prog\directx11 project\hamp_axel_seb_projd3dx11\hamp_axel_seb_projd3dx11\shadowshaderclass.cpp(95): warning C4390: ';': empty controlled statement found; is this the intent?
     1>c:\users\sebastian\documents\3d-prog\directx11 project\hamp_axel_seb_projd3dx11\hamp_axel_seb_projd3dx11\shadowshaderclass.cpp(108): warning C4244: '=': conversion from 'float' to 'UINT', possible loss of data
     1>c:\users\sebastian\documents\3d-prog\directx11 project\hamp_axel_seb_projd3dx11\hamp_axel_seb_projd3dx11\shadowshaderclass.cpp(109): warning C4244: '=': conversion from 'float' to 'UINT', possible loss of data
     1>c:\users\sebastian\documents\3d-prog\directx11 project\hamp_axel_seb_projd3dx11\hamp_axel_seb_projd3dx11\shadowshaderclass.cpp(136): warning C4244: '=': conversion from 'float' to 'UINT', possible loss of data
     1>c:\users\sebastian\documents\3d-prog\directx11 project\hamp_axel_seb_projd3dx11\hamp_axel_seb_projd3dx11\shadowshaderclass.cpp(137): warning C4244: '=': conversion from 'float' to 'UINT', possible loss of data
     1>c:\users\sebastian\documents\3d-prog\directx11 project\hamp_axel_seb_projd3dx11\hamp_axel_seb_projd3dx11\shadowshaderclass.cpp(230): warning C4244: '=': conversion from 'SIZE_T' to 'unsigned long', possible loss of data
         shadowMap.cpp
     1>c:\users\sebastian\documents\3d-prog\directx11 project\hamp_axel_seb_projd3dx11\hamp_axel_seb_projd3dx11\shadowmap.cpp(89): warning C4244: 'argument': conversion from 'const UINT' to 'float', possible loss of data
         QuadTree.cpp
     1>c:\users\sebastian\documents\3d-prog\directx11 project\hamp_axel_seb_projd3dx11\hamp_axel_seb_projd3dx11\quadtree.cpp(26): warning C4244: 'initializing': conversion from 'float' to 'int', possible loss of data
     1>c:\users\sebastian\documents\3d-prog\directx11 project\hamp_axel_seb_projd3dx11\hamp_axel_seb_projd3dx11\quadtree.cpp(27): warning C4244: 'initializing': conversion from 'float' to 'int', possible loss of data
     1>c:\users\sebastian\documents\3d-prog\directx11 project\hamp_axel_seb_projd3dx11\hamp_axel_seb_projd3dx11\quadtree.cpp(65): warning C4267: 'initializing': conversion from 'size_t' to 'int', possible loss of data
     1>c:\users\sebastian\documents\3d-prog\directx11 project\hamp_axel_seb_projd3dx11\hamp_axel_seb_projd3dx11\quadtree.cpp(77): warning C4244: '=': conversion from 'int' to 'float', possible loss of data
     1>c:\users\sebastian\documents\3d-prog\directx11 project\hamp_axel_seb_projd3dx11\hamp_axel_seb_projd3dx11\quadtree.cpp(81): warning C4244: '=': conversion from 'int' to 'float', possible loss of data
     1>c:\users\sebastian\documents\3d-prog\directx11 project\hamp_axel_seb_projd3dx11\hamp_axel_seb_projd3dx11\quadtree.cpp(85): warning C4244: '=': conversion from 'int' to 'float', possible loss of data
     1>c:\users\sebastian\documents\3d-prog\directx11 project\hamp_axel_seb_projd3dx11\hamp_axel_seb_projd3dx11\quadtree.cpp(89): warning C4244: '=': conversion from 'int' to 'float', possible loss of data
         Parser.cpp
     1>c:\users\sebastian\documents\3d-prog\directx11 project\hamp_axel_seb_projd3dx11\hamp_axel_seb_projd3dx11\parser.cpp(25): warning C4101: 'crap': unreferenced local variable
     1>c:\users\sebastian\documents\3d-prog\directx11 project\hamp_axel_seb_projd3dx11\hamp_axel_seb_projd3dx11\parser.cpp(86): warning C4101: 'temp': unreferenced local variable
     1>c:\users\sebastian\documents\3d-prog\directx11 project\hamp_axel_seb_projd3dx11\hamp_axel_seb_projd3dx11\parser.cpp(207): warning C4267: 'return': conversion from 'size_t' to 'int', possible loss of data
     1>c:\users\sebastian\documents\3d-prog\directx11 project\hamp_axel_seb_projd3dx11\hamp_axel_seb_projd3dx11\parser.cpp(241): warning C4267: 'initializing': conversion from 'size_t' to 'int', possible loss of data
     1>c:\users\sebastian\documents\3d-prog\directx11 project\hamp_axel_seb_projd3dx11\hamp_axel_seb_projd3dx11\parser.cpp(296): warning C4267: 'initializing': conversion from 'size_t' to 'int', possible loss of data
         Object.cpp
     1>c:\users\sebastian\documents\3d-prog\directx11 project\hamp_axel_seb_projd3dx11\hamp_axel_seb_projd3dx11\object.cpp(17): warning C4267: '=': conversion from 'size_t' to 'short', possible loss of data
     1>c:\users\sebastian\documents\3d-prog\directx11 project\hamp_axel_seb_projd3dx11\hamp_axel_seb_projd3dx11\object.cpp(47): warning C4267: '=': conversion from 'size_t' to 'short', possible loss of data
         Material.cpp
         LightHandler.cpp
         Hamp_Axel_Seb_projd3dx11.cpp
     1>c:\users\sebastian\documents\3d-prog\directx11 project\hamp_axel_seb_projd3dx11\hamp_axel_seb_projd3dx11\hamp_axel_seb_projd3dx11.cpp(409): warning C4267: '=': conversion from 'size_t' to 'int', possible loss of data
     1>c:\users\sebastian\documents\3d-prog\directx11 project\hamp_axel_seb_projd3dx11\hamp_axel_seb_projd3dx11\hamp_axel_seb_projd3dx11.cpp(642): warning C4244: '=': conversion from 'float' to 'UINT', possible loss of data
     1>c:\users\sebastian\documents\3d-prog\directx11 project\hamp_axel_seb_projd3dx11\hamp_axel_seb_projd3dx11\hamp_axel_seb_projd3dx11.cpp(643): warning C4244: '=': conversion from 'float' to 'UINT', possible loss of data
     1>c:\users\sebastian\documents\3d-prog\directx11 project\hamp_axel_seb_projd3dx11\hamp_axel_seb_projd3dx11\hamp_axel_seb_projd3dx11.cpp(709): warning C4101: 'hr': unreferenced local variable
     1>c:\users\sebastian\documents\3d-prog\directx11 project\hamp_axel_seb_projd3dx11\hamp_axel_seb_projd3dx11\hamp_axel_seb_projd3dx11.cpp(920): warning C4244: '=': conversion from 'float' to 'UINT', possible loss of data
     1>c:\users\sebastian\documents\3d-prog\directx11 project\hamp_axel_seb_projd3dx11\hamp_axel_seb_projd3dx11\hamp_axel_seb_projd3dx11.cpp(921): warning C4244: '=': conversion from 'float' to 'UINT', possible loss of data
     1>c:\users\sebastian\documents\3d-prog\directx11 project\hamp_axel_seb_projd3dx11\hamp_axel_seb_projd3dx11\hamp_axel_seb_projd3dx11.cpp(934): warning C4244: '=': conversion from 'float' to 'UINT', possible loss of data
     1>c:\users\sebastian\documents\3d-prog\directx11 project\hamp_axel_seb_projd3dx11\hamp_axel_seb_projd3dx11\hamp_axel_seb_projd3dx11.cpp(935): warning C4244: '=': conversion from 'float' to 'UINT', possible loss of data
         Camera.cpp
     1>c:\users\sebastian\documents\3d-prog\directx11 project\hamp_axel_seb_projd3dx11\hamp_axel_seb_projd3dx11\camera.cpp(58): warning C4244: '=': conversion from 'LONG' to 'float', possible loss of data
     1>c:\users\sebastian\documents\3d-prog\directx11 project\hamp_axel_seb_projd3dx11\hamp_axel_seb_projd3dx11\camera.cpp(59): warning C4244: '=': conversion from 'LONG' to 'float', possible loss of data
         Generating Code...
     1>c:\users\sebastian\documents\3d-prog\directx11 project\hamp_axel_seb_projd3dx11\hamp_axel_seb_projd3dx11\quadtree.cpp(124): warning C4715: 'QuadTree::getObjectsToDraw': not all control paths return a value
       Link:
         C:\Program Files (x86)\Microsoft Visual Studio 14.0\VC\bin\x86_amd64\link.exe /ERRORREPORT:PROMPT /OUT:"C:\Users\Sebastian\Documents\3d-prog\Directx11 project\Hamp_Axel_Seb_projd3dx11\x64\Debug\Hamp_Axel_Seb_projd3dx11.exe" /INCREMENTAL:NO /NOLOGO "C:\Users\Sebastian\Documents\3d-prog\Directx11 project\Hamp_Axel_Seb_projd3dx11\packages\directxtk_uwp.2016.2.23.1\build\native\../../build/native/lib/x64/Debug/DirectXTK.lib" kernel32.lib user32.lib gdi32.lib winspool.lib comdlg32.lib advapi32.lib shell32.lib ole32.lib oleaut32.lib uuid.lib odbc32.lib odbccp32.lib /MANIFEST /MANIFESTUAC:"level='asInvoker' uiAccess='false'" /manifest:embed /Debug /PDB:"C:\Users\Sebastian\Documents\3d-prog\Directx11 project\Hamp_Axel_Seb_projd3dx11\x64\Debug\Hamp_Axel_Seb_projd3dx11.pdb" /SUBSYSTEM:WINDOWS /OPT:REF /OPT:ICF /LTCG:incremental /TLBID:1 /DYNAMICBASE /NXCOMPAT /IMPLIB:"C:\Users\Sebastian\Documents\3d-prog\Directx11 project\Hamp_Axel_Seb_projd3dx11\x64\Debug\Hamp_Axel_Seb_projd3dx11.lib" /MACHINE:X64 /SAFESEH:NO x64\Debug\Camera.obj
         x64\Debug\Hamp_Axel_Seb_projd3dx11.obj
         x64\Debug\LightHandler.obj
         x64\Debug\Material.obj
         x64\Debug\Object.obj
         x64\Debug\Parser.obj
         x64\Debug\QuadTree.obj
         x64\Debug\shadowMap.obj
         x64\Debug\ShadowShaderClass.obj
     1>Camera.obj : warning LNK4075: ignoring '/EDITANDCONTINUE' due to '/OPT:ICF' specification
         LINK : /LTCG specified but no code generation required; remove /LTCG from the link command line to improve linker performance
         Hamp_Axel_Seb_projd3dx11.vcxproj -> C:\Users\Sebastian\Documents\3d-prog\Directx11 project\Hamp_Axel_Seb_projd3dx11\x64\Debug\Hamp_Axel_Seb_projd3dx11.exe
     1>Done Building Project "C:\Users\Sebastian\Documents\3d-prog\Directx11 project\Hamp_Axel_Seb_projd3dx11\Hamp_Axel_Seb_projd3dx11\Hamp_Axel_Seb_projd3dx11.vcxproj" (Build target(s)).

Build succeeded.

Time Elapsed 00:00:18.81
